app/build/intermediates/manifest_merge_blame_file/debug/processDebugMainManifest/manifest-merger-blame-debug-report.txt
1<?xml version="1.0" encoding="utf-8"?>
2<manifest xmlns:android="http://schemas.android.com/apk/res/android"
3    package="com.meracast"
4    android:versionCode="1"
5    android:versionName="1.0.0" >
6
7    <uses-sdk
8        android:minSdkVersion="29"
9        android:targetSdkVersion="36" />
10
11    <!-- Media read permissions for scoped storage (Android 13+) -->
12    <uses-permission android:name="android.permission.READ_MEDIA_VIDEO" />
12-->src/main/AndroidManifest.xml:5:5-75
12-->src/main/AndroidManifest.xml:5:22-72
13    <uses-permission android:name="android.permission.READ_MEDIA_AUDIO" />
13-->src/main/AndroidManifest.xml:6:5-75
13-->src/main/AndroidManifest.xml:6:22-72
14    <!-- Legacy storage permission (Android 10-12) -->
15    <uses-permission
15-->src/main/AndroidManifest.xml:8:5-9:38
16        android:name="android.permission.READ_EXTERNAL_STORAGE"
16-->src/main/AndroidManifest.xml:8:22-77
17        android:maxSdkVersion="32" />
17-->src/main/AndroidManifest.xml:9:9-35
18
19    <!-- Network permissions -->
20    <uses-permission android:name="android.permission.INTERNET" />
20-->src/main/AndroidManifest.xml:12:5-67
20-->src/main/AndroidManifest.xml:12:22-64
21    <uses-permission android:name="android.permission.ACCESS_NETWORK_STATE" />
21-->src/main/AndroidManifest.xml:13:5-79
21-->src/main/AndroidManifest.xml:13:22-76
22    <uses-permission android:name="android.permission.ACCESS_WIFI_STATE" />
22-->src/main/AndroidManifest.xml:14:5-76
22-->src/main/AndroidManifest.xml:14:22-73
23    <uses-permission android:name="android.permission.CHANGE_WIFI_STATE" />
23-->src/main/AndroidManifest.xml:15:5-76
23-->src/main/AndroidManifest.xml:15:22-73
24
25    <!-- Wi-Fi Direct / P2P -->
26    <uses-permission android:name="android.permission.ACCESS_FINE_LOCATION" />
26-->src/main/AndroidManifest.xml:18:5-79
26-->src/main/AndroidManifest.xml:18:22-76
27    <uses-permission android:name="android.permission.ACCESS_COARSE_LOCATION" />
27-->src/main/AndroidManifest.xml:19:5-81
27-->src/main/AndroidManifest.xml:19:22-78
28    <uses-permission android:name="android.permission.NEARBY_WIFI_DEVICES" />
28-->src/main/AndroidManifest.xml:20:5-78
28-->src/main/AndroidManifest.xml:20:22-75
29
30    <!-- Network service discovery (mDNS) -->
31    <uses-permission android:name="android.permission.CHANGE_WIFI_MULTICAST_STATE" />
31-->src/main/AndroidManifest.xml:23:5-86
31-->src/main/AndroidManifest.xml:23:22-83
32
33    <!-- Screen recording (source mode) -->
34    <uses-permission android:name="android.permission.FOREGROUND_SERVICE" />
34-->src/main/AndroidManifest.xml:26:5-77
34-->src/main/AndroidManifest.xml:26:22-74
35    <uses-permission android:name="android.permission.FOREGROUND_SERVICE_MEDIA_PROJECTION" />
35-->src/main/AndroidManifest.xml:27:5-94
35-->src/main/AndroidManifest.xml:27:22-91
36    <uses-permission android:name="android.permission.FOREGROUND_SERVICE_CONNECTED_DEVICE" />
36-->src/main/AndroidManifest.xml:28:5-94
36-->src/main/AndroidManifest.xml:28:22-91
37    <uses-permission android:name="android.permission.POST_NOTIFICATIONS" />
37-->src/main/AndroidManifest.xml:29:5-77
37-->src/main/AndroidManifest.xml:29:22-74
38
39    <!-- Microphone capture -->
40    <uses-permission android:name="android.permission.RECORD_AUDIO" />
40-->src/main/AndroidManifest.xml:32:5-71
40-->src/main/AndroidManifest.xml:32:22-68
41
42    <!-- System alert window for overlay -->
43    <uses-permission android:name="android.permission.SYSTEM_ALERT_WINDOW" />
43-->src/main/AndroidManifest.xml:35:5-78
43-->src/main/AndroidManifest.xml:35:22-75
44
45    <uses-feature
45-->src/main/AndroidManifest.xml:37:5-39:35
46        android:name="android.hardware.wifi.direct"
46-->src/main/AndroidManifest.xml:38:9-52
47        android:required="true" />
47-->src/main/AndroidManifest.xml:39:9-32
48
49    <permission
49-->[androidx.core:core:1.15.0] AndroidManifest.xml:22:5-24:47
50        android:name="com.meracast.DYNAMIC_RECEIVER_NOT_EXPORTED_PERMISSION"
50-->[androidx.core:core:1.15.0] AndroidManifest.xml:23:9-81
51        android:protectionLevel="signature" />
51-->[androidx.core:core:1.15.0] AndroidManifest.xml:24:9-44
52
53    <uses-permission android:name="com.meracast.DYNAMIC_RECEIVER_NOT_EXPORTED_PERMISSION" />
53-->[androidx.core:core:1.15.0] AndroidManifest.xml:26:5-97
53-->[androidx.core:core:1.15.0] AndroidManifest.xml:26:22-94
54
55    <application
55-->src/main/AndroidManifest.xml:41:5-77:19
56        android:allowBackup="true"
56-->src/main/AndroidManifest.xml:42:9-35
57        android:appComponentFactory="androidx.core.app.CoreComponentFactory"
57-->[androidx.core:core:1.15.0] AndroidManifest.xml:28:18-86
58        android:debuggable="true"
59        android:extractNativeLibs="false"
60        android:icon="@mipmap/ic_launcher"
60-->src/main/AndroidManifest.xml:43:9-43
61        android:label="@string/app_name"
61-->src/main/AndroidManifest.xml:44:9-41
62        android:supportsRtl="true"
62-->src/main/AndroidManifest.xml:45:9-35
63        android:theme="@style/Theme.Meracast" >
63-->src/main/AndroidManifest.xml:46:9-46
64
65        <!-- Protocol chooser (launcher) -->
66        <activity
66-->src/main/AndroidManifest.xml:49:9-57:20
67            android:name="com.meracast.HomeActivity"
67-->src/main/AndroidManifest.xml:50:13-41
68            android:exported="true"
68-->src/main/AndroidManifest.xml:51:13-36
69            android:label="@string/app_name" >
69-->src/main/AndroidManifest.xml:52:13-45
70            <intent-filter>
70-->src/main/AndroidManifest.xml:53:13-56:29
71                <action android:name="android.intent.action.MAIN" />
71-->src/main/AndroidManifest.xml:54:17-69
71-->src/main/AndroidManifest.xml:54:25-66
72
73                <category android:name="android.intent.category.LAUNCHER" />
73-->src/main/AndroidManifest.xml:55:17-77
73-->src/main/AndroidManifest.xml:55:27-74
74            </intent-filter>
75        </activity>
76
77        <!-- Miracast / Wi‑Fi Display screen mirroring -->
78        <activity
78-->src/main/AndroidManifest.xml:60:9-63:90
79            android:name="com.meracast.MainActivity"
79-->src/main/AndroidManifest.xml:61:13-41
80            android:configChanges="orientation|screenSize|screenLayout|keyboardHidden"
80-->src/main/AndroidManifest.xml:63:13-87
81            android:exported="true" />
81-->src/main/AndroidManifest.xml:62:13-36
82
83        <!-- Meracast App-to-App media streaming -->
84        <activity
84-->src/main/AndroidManifest.xml:66:9-69:90
85            android:name="com.meracast.MediaActivity"
85-->src/main/AndroidManifest.xml:67:13-42
86            android:configChanges="orientation|screenSize|screenLayout|keyboardHidden"
86-->src/main/AndroidManifest.xml:69:13-87
87            android:exported="true" />
87-->src/main/AndroidManifest.xml:68:13-36
88
89        <!-- Foreground service for media projection during source mode -->
90        <service
90-->src/main/AndroidManifest.xml:72:9-75:40
91            android:name="com.meracast.miracast.source.SourceForegroundService"
91-->src/main/AndroidManifest.xml:73:13-68
92            android:exported="false"
92-->src/main/AndroidManifest.xml:75:13-37
93            android:foregroundServiceType="mediaProjection|connectedDevice" />
93-->src/main/AndroidManifest.xml:74:13-76
94
95        <provider
95-->[androidx.emoji2:emoji2:1.3.0] AndroidManifest.xml:24:9-32:20
96            android:name="androidx.startup.InitializationProvider"
96-->[androidx.emoji2:emoji2:1.3.0] AndroidManifest.xml:25:13-67
97            android:authorities="com.meracast.androidx-startup"
97-->[androidx.emoji2:emoji2:1.3.0] AndroidManifest.xml:26:13-68
98            android:exported="false" >
98-->[androidx.emoji2:emoji2:1.3.0] AndroidManifest.xml:27:13-37
99            <meta-data
99-->[androidx.emoji2:emoji2:1.3.0] AndroidManifest.xml:29:13-31:52
100                android:name="androidx.emoji2.text.EmojiCompatInitializer"
100-->[androidx.emoji2:emoji2:1.3.0] AndroidManifest.xml:30:17-75
101                android:value="androidx.startup" />
101-->[androidx.emoji2:emoji2:1.3.0] AndroidManifest.xml:31:17-49
102            <meta-data
102-->[androidx.lifecycle:lifecycle-process:2.8.7] AndroidManifest.xml:29:13-31:52
103                android:name="androidx.lifecycle.ProcessLifecycleInitializer"
103-->[androidx.lifecycle:lifecycle-process:2.8.7] AndroidManifest.xml:30:17-78
104                android:value="androidx.startup" />
104-->[androidx.lifecycle:lifecycle-process:2.8.7] AndroidManifest.xml:31:17-49
105            <meta-data
105-->[androidx.profileinstaller:profileinstaller:1.4.0] AndroidManifest.xml:29:13-31:52
106                android:name="androidx.profileinstaller.ProfileInstallerInitializer"
106-->[androidx.profileinstaller:profileinstaller:1.4.0] AndroidManifest.xml:30:17-85
107                android:value="androidx.startup" />
107-->[androidx.profileinstaller:profileinstaller:1.4.0] AndroidManifest.xml:31:17-49
108        </provider>
109
110        <receiver
110-->[androidx.profileinstaller:profileinstaller:1.4.0] AndroidManifest.xml:34:9-52:20
111            android:name="androidx.profileinstaller.ProfileInstallReceiver"
111-->[androidx.profileinstaller:profileinstaller:1.4.0] AndroidManifest.xml:35:13-76
112            android:directBootAware="false"
112-->[androidx.profileinstaller:profileinstaller:1.4.0] AndroidManifest.xml:36:13-44
113            android:enabled="true"
113-->[androidx.profileinstaller:profileinstaller:1.4.0] AndroidManifest.xml:37:13-35
114            android:exported="true"
114-->[androidx.profileinstaller:profileinstaller:1.4.0] AndroidManifest.xml:38:13-36
115            android:permission="android.permission.DUMP" >
115-->[androidx.profileinstaller:profileinstaller:1.4.0] AndroidManifest.xml:39:13-57
116            <intent-filter>
116-->[androidx.profileinstaller:profileinstaller:1.4.0] AndroidManifest.xml:40:13-42:29
117                <action android:name="androidx.profileinstaller.action.INSTALL_PROFILE" />
117-->[androidx.profileinstaller:profileinstaller:1.4.0] AndroidManifest.xml:41:17-91
117-->[androidx.profileinstaller:profileinstaller:1.4.0] AndroidManifest.xml:41:25-88
118            </intent-filter>
119            <intent-filter>
119-->[androidx.profileinstaller:profileinstaller:1.4.0] AndroidManifest.xml:43:13-45:29
120                <action android:name="androidx.profileinstaller.action.SKIP_FILE" />
120-->[androidx.profileinstaller:profileinstaller:1.4.0] AndroidManifest.xml:44:17-85
120-->[androidx.profileinstaller:profileinstaller:1.4.0] AndroidManifest.xml:44:25-82
121            </intent-filter>
122            <intent-filter>
122-->[androidx.profileinstaller:profileinstaller:1.4.0] AndroidManifest.xml:46:13-48:29
123                <action android:name="androidx.profileinstaller.action.SAVE_PROFILE" />
123-->[androidx.profileinstaller:profileinstaller:1.4.0] AndroidManifest.xml:47:17-88
123-->[androidx.profileinstaller:profileinstaller:1.4.0] AndroidManifest.xml:47:25-85
124            </intent-filter>
125            <intent-filter>
125-->[androidx.profileinstaller:profileinstaller:1.4.0] AndroidManifest.xml:49:13-51:29
126                <action android:name="androidx.profileinstaller.action.BENCHMARK_OPERATION" />
126-->[androidx.profileinstaller:profileinstaller:1.4.0] AndroidManifest.xml:50:17-95
126-->[androidx.profileinstaller:profileinstaller:1.4.0] AndroidManifest.xml:50:25-92
127            </intent-filter>
128        </receiver>
129    </application>
130
131</manifest>